SF:lib\news_service.dart
DA:15,0
DA:16,0
DA:17,0
LF:3
LH:0
end_of_record
SF:lib\article.dart
DA:5,1
DA:10,0
DA:14,0
DA:15,0
DA:16,0
DA:20,0
DA:21,0
DA:23,0
DA:27,0
DA:30,0
DA:31,0
LF:11
LH:1
end_of_record
SF:lib\article_page.dart
DA:7,0
DA:10,0
DA:12,0
DA:14,0
DA:15,0
DA:16,0
DA:17,0
DA:18,0
DA:19,0
DA:23,0
DA:24,0
DA:25,0
DA:26,0
DA:27,0
DA:30,0
LF:15
LH:0
end_of_record
SF:lib\news_change_notifier.dart
DA:8,1
DA:12,2
DA:15,2
DA:17,1
DA:18,1
DA:19,1
DA:20,4
DA:21,1
DA:22,1
LF:9
LH:9
end_of_record
SF:lib\news_page.dart
DA:10,2
DA:12,1
DA:13,1
DA:17,1
DA:19,1
DA:20,1
DA:21,4
DA:25,1
DA:27,1
DA:28,1
DA:31,1
DA:32,1
DA:33,1
DA:38,1
DA:39,1
DA:40,1
DA:41,1
DA:42,1
DA:43,1
DA:44,1
DA:45,1
DA:49,1
DA:50,1
DA:52,1
DA:56,1
DA:57,1
DA:58,1
DA:62,0
DA:66,1
DA:67,1
DA:68,2
DA:69,1
DA:70,2
DA:71,1
DA:73,1
DA:74,0
DA:80,0
DA:82,0
DA:85,1
DA:86,2
DA:87,1
DA:88,1
LF:42
LH:38
end_of_record
SF:lib\pages\latest_posts\LatestPostPage.dart
DA:4,2
DA:6,1
DA:7,1
DA:13,1
DA:14,1
DA:15,3
DA:16,3
DA:17,3
DA:18,3
DA:23,1
DA:25,1
DA:26,1
DA:29,1
DA:30,1
DA:31,1
DA:32,1
DA:33,1
DA:34,1
DA:36,1
DA:37,1
DA:38,1
DA:39,1
DA:40,1
DA:42,1
DA:43,1
LF:25
LH:25
end_of_record
SF:lib\Routes.dart
DA:4,1
DA:5,2
DA:6,1
DA:7,1
LF:4
LH:4
end_of_record
SF:lib\containers\ButtonWidget.dart
DA:9,1
DA:15,1
DA:17,1
DA:18,1
DA:22,1
DA:24,1
DA:25,1
DA:26,3
DA:27,1
DA:28,2
DA:31,2
DA:32,1
DA:33,3
LF:13
LH:13
end_of_record
